<?xml version="1.0" encoding="UTF-8"?>
<!-- Generated by org.testng.reporters.JUnitReportReporter -->
<testsuite hostname="jmrinhr1883" name="com.test.data.FlexcubeData" tests="1" failures="0" timestamp="17 Jan 2020 11:59:27 GMT" time="0.019" errors="0">
  <testcase name="display" time="0.019" classname="com.test.data.FlexcubeData"/>
</testsuite> <!-- com.test.data.FlexcubeData -->
